<?xml version="1.0" encoding="utf-8"?><testsuites><testsuite errors="0" failures="0" hostname="BLRL028" name="pytest" skipped="0" tests="3" time="24.835" timestamp="2020-05-13T11:01:06.914776"><testcase classname="test_HomePage.TestHomePage" file="test_HomePage.py" line="9" name="test_formSubmission[getData0]" time="8.091"></testcase><testcase classname="test_HomePage.TestHomePage" file="test_HomePage.py" line="9" name="test_formSubmission[getData1]" time="1.596"></testcase><testcase classname="test_e2e.TestOne" file="test_e2e.py" line="7" name="test_e2e" time="14.966"></testcase></testsuite></testsuites>